# JRE version: OpenJDK Runtime Environment Temurin-21.0.10+7 (21.0.10+7) (build 21.0.10+7-LTS)
# Java VM: OpenJDK 64-Bit Server VM Temurin-21.0.10+7 (21.0.10+7-LTS, mixed mode, sharing, tiered, compressed oops, compressed class ptrs, parallel gc, windows-amd64)
GC Precious Log:
 CardTable entry size: 512
 CPUs: 12 total, 12 available
 Memory: 7532M
 Large Page Support: Disabled
 NUMA Support: Disabled
 Compressed Oops: Enabled (32-bit)
 Alignments: Space 512K, Generation 512K, Heap 2M
 Heap Min Capacity: 100M
 Heap Initial Capacity: 100M
 Heap Max Capacity: 2G
 Pre-touch: Disabled
 Parallel Workers: 10
Heap:
 PSYoungGen      total 2560K, used 1787K [0x00000000d5580000, 0x00000000d5900000, 0x0000000100000000)
  eden space 1536K, 91% used [0x00000000d5580000,0x00000000d56dee88,0x00000000d5700000)
  from space 1024K, 37% used [0x00000000d5780000,0x00000000d57e0000,0x00000000d5880000)
  to   space 512K, 0% used [0x00000000d5880000,0x00000000d5880000,0x00000000d5900000)
 ParOldGen       total 471552K, used 471378K [0x0000000080000000, 0x000000009cc80000, 0x00000000d5580000)
  object space 471552K, 99% used [0x0000000080000000,0x000000009cc54b78,0x000000009cc80000)
 Metaspace       used 73944K, committed 75584K, reserved 1179648K
  class space    used 7615K, committed 8320K, reserved 1048576K
GC Heap History (20 events):
Event: 466.325 GC heap before
{Heap before GC invocations=413 (full 3):
 PSYoungGen      total 5120K, used 4479K [0x00000000d5580000, 0x00000000d5c80000, 0x0000000100000000)
  eden space 2560K, 99% used [0x00000000d5580000,0x00000000d57ffff8,0x00000000d5800000)
  from space 2560K, 75% used [0x00000000d5800000,0x00000000d59e0000,0x00000000d5a80000)
  to   space 2048K, 0% used [0x00000000d5a80000,0x00000000d5a80000,0x00000000d5c80000)
 ParOldGen       total 461312K, used 460893K [0x0000000080000000, 0x000000009c280000, 0x00000000d5580000)
  object space 461312K, 99% used [0x0000000080000000,0x000000009c217478,0x000000009c280000)
 Metaspace       used 73628K, committed 75264K, reserved 1179648K
  class space    used 7582K, committed 8256K, reserved 1048576K
}
Event: 466.327 GC heap after
{Heap after GC invocations=413 (full 3):
 PSYoungGen      total 3584K, used 288K [0x00000000d5580000, 0x00000000d5b00000, 0x0000000100000000)
  eden space 3072K, 0% used [0x00000000d5580000,0x00000000d5580000,0x00000000d5880000)
  from space 512K, 56% used [0x00000000d5a80000,0x00000000d5ac8000,0x00000000d5b00000)
  to   space 1024K, 0% used [0x00000000d5900000,0x00000000d5900000,0x00000000d5a00000)
 ParOldGen       total 462848K, used 462776K [0x0000000080000000, 0x000000009c400000, 0x00000000d5580000)
  object space 462848K, 99% used [0x0000000080000000,0x000000009c3ee1d0,0x000000009c400000)
 Metaspace       used 73628K, committed 75264K, reserved 1179648K
  class space    used 7582K, committed 8256K, reserved 1048576K
}
Event: 473.294 GC heap before
{Heap before GC invocations=414 (full 3):
 PSYoungGen      total 3584K, used 3357K [0x00000000d5580000, 0x00000000d5b00000, 0x0000000100000000)
  eden space 3072K, 99% used [0x00000000d5580000,0x00000000d587f548,0x00000000d5880000)
  from space 512K, 56% used [0x00000000d5a80000,0x00000000d5ac8000,0x00000000d5b00000)
  to   space 1024K, 0% used [0x00000000d5900000,0x00000000d5900000,0x00000000d5a00000)
 ParOldGen       total 462848K, used 462776K [0x0000000080000000, 0x000000009c400000, 0x00000000d5580000)
  object space 462848K, 99% used [0x0000000080000000,0x000000009c3ee1d0,0x000000009c400000)
 Metaspace       used 73654K, committed 75264K, reserved 1179648K
  class space    used 7587K, committed 8256K, reserved 1048576K
}
Event: 473.295 GC heap after
{Heap after GC invocations=414 (full 3):
 PSYoungGen      total 4096K, used 912K [0x00000000d5580000, 0x00000000d5b80000, 0x0000000100000000)
  eden space 3072K, 0% used [0x00000000d5580000,0x00000000d5580000,0x00000000d5880000)
  from space 1024K, 89% used [0x00000000d5900000,0x00000000d59e4250,0x00000000d5a00000)
  to   space 1536K, 0% used [0x00000000d5a00000,0x00000000d5a00000,0x00000000d5b80000)
 ParOldGen       total 462848K, used 462840K [0x0000000080000000, 0x000000009c400000, 0x00000000d5580000)
  object space 462848K, 99% used [0x0000000080000000,0x000000009c3fe1d0,0x000000009c400000)
 Metaspace       used 73654K, committed 75264K, reserved 1179648K
  class space    used 7587K, committed 8256K, reserved 1048576K
}
Event: 473.303 GC heap before
{Heap before GC invocations=415 (full 3):
 PSYoungGen      total 4096K, used 3916K [0x00000000d5580000, 0x00000000d5b80000, 0x0000000100000000)
  eden space 3072K, 97% used [0x00000000d5580000,0x00000000d586f0a0,0x00000000d5880000)
  from space 1024K, 89% used [0x00000000d5900000,0x00000000d59e4250,0x00000000d5a00000)
  to   space 1536K, 0% used [0x00000000d5a00000,0x00000000d5a00000,0x00000000d5b80000)
 ParOldGen       total 462848K, used 462840K [0x0000000080000000, 0x000000009c400000, 0x00000000d5580000)
  object space 462848K, 99% used [0x0000000080000000,0x000000009c3fe1d0,0x000000009c400000)
 Metaspace       used 73658K, committed 75264K, reserved 1179648K
  class space    used 7587K, committed 8256K, reserved 1048576K
}
Event: 473.304 GC heap after
{Heap after GC invocations=415 (full 3):
 PSYoungGen      total 2048K, used 1533K [0x00000000d5580000, 0x00000000d6280000, 0x0000000100000000)
  eden space 512K, 0% used [0x00000000d5580000,0x00000000d5580000,0x00000000d5600000)
  from space 1536K, 99% used [0x00000000d5a00000,0x00000000d5b7f6f0,0x00000000d5b80000)
  to   space 4096K, 0% used [0x00000000d5600000,0x00000000d5600000,0x00000000d5a00000)
 ParOldGen       total 465920K, used 465576K [0x0000000080000000, 0x000000009c700000, 0x00000000d5580000)
  object space 465920K, 99% used [0x0000000080000000,0x000000009c6aa080,0x000000009c700000)
 Metaspace       used 73658K, committed 75264K, reserved 1179648K
  class space    used 7587K, committed 8256K, reserved 1048576K
}
Event: 473.305 GC heap before
{Heap before GC invocations=416 (full 3):
 PSYoungGen      total 2048K, used 2045K [0x00000000d5580000, 0x00000000d6280000, 0x0000000100000000)
  eden space 512K, 100% used [0x00000000d5580000,0x00000000d5600000,0x00000000d5600000)
  from space 1536K, 99% used [0x00000000d5a00000,0x00000000d5b7f6f0,0x00000000d5b80000)
  to   space 4096K, 0% used [0x00000000d5600000,0x00000000d5600000,0x00000000d5a00000)
 ParOldGen       total 465920K, used 465576K [0x0000000080000000, 0x000000009c700000, 0x00000000d5580000)
  object space 465920K, 99% used [0x0000000080000000,0x000000009c6aa080,0x000000009c700000)
 Metaspace       used 73658K, committed 75264K, reserved 1179648K
  class space    used 7587K, committed 8256K, reserved 1048576K
}
Event: 473.306 GC heap after
{Heap after GC invocations=416 (full 3):
 PSYoungGen      total 1024K, used 468K [0x00000000d5580000, 0x00000000d5a80000, 0x0000000100000000)
  eden space 512K, 0% used [0x00000000d5580000,0x00000000d5580000,0x00000000d5600000)
  from space 512K, 91% used [0x00000000d5600000,0x00000000d5675230,0x00000000d5680000)
  to   space 2048K, 0% used [0x00000000d5880000,0x00000000d5880000,0x00000000d5a80000)
 ParOldGen       total 467456K, used 467128K [0x0000000080000000, 0x000000009c880000, 0x00000000d5580000)
  object space 467456K, 99% used [0x0000000080000000,0x000000009c82e0b8,0x000000009c880000)
 Metaspace       used 73658K, committed 75264K, reserved 1179648K
  class space    used 7587K, committed 8256K, reserved 1048576K
}
Event: 473.308 GC heap before
{Heap before GC invocations=417 (full 3):
 PSYoungGen      total 1024K, used 980K [0x00000000d5580000, 0x00000000d5a80000, 0x0000000100000000)
  eden space 512K, 99% used [0x00000000d5580000,0x00000000d55fffe0,0x00000000d5600000)
  from space 512K, 91% used [0x00000000d5600000,0x00000000d5675230,0x00000000d5680000)
  to   space 2048K, 0% used [0x00000000d5880000,0x00000000d5880000,0x00000000d5a80000)
 ParOldGen       total 467456K, used 467128K [0x0000000080000000, 0x000000009c880000, 0x00000000d5580000)
  object space 467456K, 99% used [0x0000000080000000,0x000000009c82e0b8,0x000000009c880000)
 Metaspace       used 73658K, committed 75264K, reserved 1179648K
  class space    used 7587K, committed 8256K, reserved 1048576K
}
Event: 473.310 GC heap after
{Heap after GC invocations=417 (full 3):
 PSYoungGen      total 2048K, used 611K [0x00000000d5580000, 0x00000000d5980000, 0x0000000100000000)
  eden space 1024K, 0% used [0x00000000d5580000,0x00000000d5580000,0x00000000d5680000)
  from space 1024K, 59% used [0x00000000d5880000,0x00000000d5918fb0,0x00000000d5980000)
  to   space 1024K, 0% used [0x00000000d5780000,0x00000000d5780000,0x00000000d5880000)
 ParOldGen       total 467456K, used 467420K [0x0000000080000000, 0x000000009c880000, 0x00000000d5580000)
  object space 467456K, 99% used [0x0000000080000000,0x000000009c8772e8,0x000000009c880000)
 Metaspace       used 73658K, committed 75264K, reserved 1179648K
  class space    used 7587K, committed 8256K, reserved 1048576K
}
Event: 473.313 GC heap before
{Heap before GC invocations=418 (full 3):
 PSYoungGen      total 2048K, used 1626K [0x00000000d5580000, 0x00000000d5980000, 0x0000000100000000)
  eden space 1024K, 99% used [0x00000000d5580000,0x00000000d567dac8,0x00000000d5680000)
  from space 1024K, 59% used [0x00000000d5880000,0x00000000d5918fb0,0x00000000d5980000)
  to   space 1024K, 0% used [0x00000000d5780000,0x00000000d5780000,0x00000000d5880000)
 ParOldGen       total 467456K, used 467420K [0x0000000080000000, 0x000000009c880000, 0x00000000d5580000)
  object space 467456K, 99% used [0x0000000080000000,0x000000009c8772e8,0x000000009c880000)
 Metaspace       used 73658K, committed 75264K, reserved 1179648K
  class space    used 7587K, committed 8256K, reserved 1048576K
}
Event: 473.313 GC heap after
{Heap after GC invocations=418 (full 3):
 PSYoungGen      total 2560K, used 1015K [0x00000000d5580000, 0x00000000d5a00000, 0x0000000100000000)
  eden space 1536K, 0% used [0x00000000d5580000,0x00000000d5580000,0x00000000d5700000)
  from space 1024K, 99% used [0x00000000d5780000,0x00000000d587df90,0x00000000d5880000)
  to   space 1536K, 0% used [0x00000000d5880000,0x00000000d5880000,0x00000000d5a00000)
 ParOldGen       total 467968K, used 467870K [0x0000000080000000, 0x000000009c900000, 0x00000000d5580000)
  object space 467968K, 99% used [0x0000000080000000,0x000000009c8e7a48,0x000000009c900000)
 Metaspace       used 73658K, committed 75264K, reserved 1179648K
  class space    used 7587K, committed 8256K, reserved 1048576K
}
Event: 473.318 GC heap before
{Heap before GC invocations=419 (full 3):
 PSYoungGen      total 2560K, used 2551K [0x00000000d5580000, 0x00000000d5a00000, 0x0000000100000000)
  eden space 1536K, 100% used [0x00000000d5580000,0x00000000d5700000,0x00000000d5700000)
  from space 1024K, 99% used [0x00000000d5780000,0x00000000d587df90,0x00000000d5880000)
  to   space 1536K, 0% used [0x00000000d5880000,0x00000000d5880000,0x00000000d5a00000)
 ParOldGen       total 467968K, used 467870K [0x0000000080000000, 0x000000009c900000, 0x00000000d5580000)
  object space 467968K, 99% used [0x0000000080000000,0x000000009c8e7a48,0x000000009c900000)
 Metaspace       used 73658K, committed 75264K, reserved 1179648K
  class space    used 7587K, committed 8256K, reserved 1048576K
}
Event: 473.319 GC heap after
{Heap after GC invocations=419 (full 3):
 PSYoungGen      total 2560K, used 1512K [0x00000000d5580000, 0x00000000d5b80000, 0x0000000100000000)
  eden space 1024K, 0% used [0x00000000d5580000,0x00000000d5580000,0x00000000d5680000)
  from space 1536K, 98% used [0x00000000d5880000,0x00000000d59fa188,0x00000000d5a00000)
  to   space 2048K, 0% used [0x00000000d5680000,0x00000000d5680000,0x00000000d5880000)
 ParOldGen       total 468992K, used 468776K [0x0000000080000000, 0x000000009ca00000, 0x00000000d5580000)
  object space 468992K, 99% used [0x0000000080000000,0x000000009c9ca048,0x000000009ca00000)
 Metaspace       used 73658K, committed 75264K, reserved 1179648K
  class space    used 7587K, committed 8256K, reserved 1048576K
}
Event: 473.323 GC heap before
{Heap before GC invocations=420 (full 3):
 PSYoungGen      total 2560K, used 2536K [0x00000000d5580000, 0x00000000d5b80000, 0x0000000100000000)
  eden space 1024K, 100% used [0x00000000d5580000,0x00000000d5680000,0x00000000d5680000)
  from space 1536K, 98% used [0x00000000d5880000,0x00000000d59fa188,0x00000000d5a00000)
  to   space 2048K, 0% used [0x00000000d5680000,0x00000000d5680000,0x00000000d5880000)
 ParOldGen       total 468992K, used 468776K [0x0000000080000000, 0x000000009ca00000, 0x00000000d5580000)
  object space 468992K, 99% used [0x0000000080000000,0x000000009c9ca048,0x000000009ca00000)
 Metaspace       used 73658K, committed 75264K, reserved 1179648K
  class space    used 7587K, committed 8256K, reserved 1048576K
}
Event: 473.324 GC heap after
{Heap after GC invocations=420 (full 3):
 PSYoungGen      total 3072K, used 918K [0x00000000d5580000, 0x00000000d5a00000, 0x0000000100000000)
  eden space 1024K, 0% used [0x00000000d5580000,0x00000000d5580000,0x00000000d5680000)
  from space 2048K, 44% used [0x00000000d5680000,0x00000000d5765bf8,0x00000000d5880000)
  to   space 1536K, 0% used [0x00000000d5880000,0x00000000d5880000,0x00000000d5a00000)
 ParOldGen       total 470528K, used 470120K [0x0000000080000000, 0x000000009cb80000, 0x00000000d5580000)
  object space 470528K, 99% used [0x0000000080000000,0x000000009cb1a320,0x000000009cb80000)
 Metaspace       used 73658K, committed 75264K, reserved 1179648K
  class space    used 7587K, committed 8256K, reserved 1048576K
}
Event: 473.328 GC heap before
{Heap before GC invocations=421 (full 3):
 PSYoungGen      total 3072K, used 1942K [0x00000000d5580000, 0x00000000d5a00000, 0x0000000100000000)
  eden space 1024K, 100% used [0x00000000d5580000,0x00000000d5680000,0x00000000d5680000)
  from space 2048K, 44% used [0x00000000d5680000,0x00000000d5765bf8,0x00000000d5880000)
  to   space 1536K, 0% used [0x00000000d5880000,0x00000000d5880000,0x00000000d5a00000)
 ParOldGen       total 470528K, used 470120K [0x0000000080000000, 0x000000009cb80000, 0x00000000d5580000)
  object space 470528K, 99% used [0x0000000080000000,0x000000009cb1a320,0x000000009cb80000)
 Metaspace       used 73666K, committed 75264K, reserved 1179648K
  class space    used 7587K, committed 8256K, reserved 1048576K
}
Event: 473.329 GC heap after
{Heap after GC invocations=421 (full 3):
 PSYoungGen      total 2560K, used 608K [0x00000000d5580000, 0x00000000d5980000, 0x0000000100000000)
  eden space 1536K, 0% used [0x00000000d5580000,0x00000000d5580000,0x00000000d5700000)
  from space 1024K, 59% used [0x00000000d5880000,0x00000000d5918000,0x00000000d5980000)
  to   space 1024K, 0% used [0x00000000d5780000,0x00000000d5780000,0x00000000d5880000)
 ParOldGen       total 471040K, used 470908K [0x0000000080000000, 0x000000009cc00000, 0x00000000d5580000)
  object space 471040K, 99% used [0x0000000080000000,0x000000009cbdf108,0x000000009cc00000)
 Metaspace       used 73666K, committed 75264K, reserved 1179648K
  class space    used 7587K, committed 8256K, reserved 1048576K
}
Event: 621.367 GC heap before
{Heap before GC invocations=422 (full 3):
 PSYoungGen      total 2560K, used 2144K [0x00000000d5580000, 0x00000000d5980000, 0x0000000100000000)
  eden space 1536K, 100% used [0x00000000d5580000,0x00000000d5700000,0x00000000d5700000)
  from space 1024K, 59% used [0x00000000d5880000,0x00000000d5918000,0x00000000d5980000)
  to   space 1024K, 0% used [0x00000000d5780000,0x00000000d5780000,0x00000000d5880000)
 ParOldGen       total 471040K, used 470908K [0x0000000080000000, 0x000000009cc00000, 0x00000000d5580000)
  object space 471040K, 99% used [0x0000000080000000,0x000000009cbdf108,0x000000009cc00000)
 Metaspace       used 73746K, committed 75392K, reserved 1179648K
  class space    used 7600K, committed 8320K, reserved 1048576K
}
Event: 621.368 GC heap after
{Heap after GC invocations=422 (full 3):
 PSYoungGen      total 2560K, used 384K [0x00000000d5580000, 0x00000000d5900000, 0x0000000100000000)
  eden space 1536K, 0% used [0x00000000d5580000,0x00000000d5580000,0x00000000d5700000)
  from space 1024K, 37% used [0x00000000d5780000,0x00000000d57e0000,0x00000000d5880000)
  to   space 512K, 0% used [0x00000000d5880000,0x00000000d5880000,0x00000000d5900000)
 ParOldGen       total 471552K, used 471378K [0x0000000080000000, 0x000000009cc80000, 0x00000000d5580000)
  object space 471552K, 99% used [0x0000000080000000,0x000000009cc54b78,0x000000009cc80000)
 Metaspace       used 73746K, committed 75392K, reserved 1179648K
  class space    used 7600K, committed 8320K, reserved 1048576K
}

